0 info it worked if it ends with ok
1 verbose cli [ '/usr/local/node/bin/node',
1 verbose cli   '/usr/local/node/bin/npm',
1 verbose cli   'update',
1 verbose cli   '-g',
1 verbose cli   'bower' ]
2 info using npm@1.4.14
3 info using node@v0.10.29
4 verbose url raw bower
5 verbose url resolving [ 'https://registry.npmjs.org/', './bower' ]
6 verbose url resolved https://registry.npmjs.org/bower
7 info trying registry request attempt 1 at 09:21:23
8 http GET https://registry.npmjs.org/bower
9 http 200 https://registry.npmjs.org/bower
10 silly registry.get cb [ 200,
10 silly registry.get   { date: 'Thu, 09 Oct 2014 14:36:28 GMT',
10 silly registry.get     server: 'CouchDB/1.5.0 (Erlang OTP/R16B03)',
10 silly registry.get     etag: '"BNEPXH85JRVX0PTJ3Z7BEQ39Y"',
10 silly registry.get     'content-type': 'application/json',
10 silly registry.get     'cache-control': 'max-age=60',
10 silly registry.get     'content-length': '105292',
10 silly registry.get     'accept-ranges': 'bytes',
10 silly registry.get     via: '1.1 varnish',
10 silly registry.get     age: '2253',
10 silly registry.get     'x-served-by': 'cache-jfk1035-JFK',
10 silly registry.get     'x-cache': 'HIT',
10 silly registry.get     'x-cache-hits': '1',
10 silly registry.get     'x-timer': 'S1412865388.601860,VS0,VE0',
10 silly registry.get     vary: 'Accept',
10 silly registry.get     'keep-alive': 'timeout=10, max=50',
10 silly registry.get     connection: 'Keep-Alive' } ]
11 info outdated updating [ [ '/usr/local/node/lib', 'bower', '1.3.9', '1.3.12', '1.3.12', '*' ] ]
12 verbose install where,what [ '/usr/local/node/lib', [ 'bower@1.3.12' ] ]
13 verbose cache add [ 'bower@1.3.12', null ]
14 verbose cache add name=undefined spec="bower@1.3.12" args=["bower@1.3.12",null]
15 verbose parsed url { protocol: null,
15 verbose parsed url   slashes: null,
15 verbose parsed url   auth: null,
15 verbose parsed url   host: null,
15 verbose parsed url   port: null,
15 verbose parsed url   hostname: null,
15 verbose parsed url   hash: null,
15 verbose parsed url   search: null,
15 verbose parsed url   query: null,
15 verbose parsed url   pathname: 'bower@1.3.12',
15 verbose parsed url   path: 'bower@1.3.12',
15 verbose parsed url   href: 'bower@1.3.12' }
16 verbose cache add name="bower" spec="1.3.12" args=["bower","1.3.12"]
17 verbose parsed url { protocol: null,
17 verbose parsed url   slashes: null,
17 verbose parsed url   auth: null,
17 verbose parsed url   host: null,
17 verbose parsed url   port: null,
17 verbose parsed url   hostname: null,
17 verbose parsed url   hash: null,
17 verbose parsed url   search: null,
17 verbose parsed url   query: null,
17 verbose parsed url   pathname: '1.3.12',
17 verbose parsed url   path: '1.3.12',
17 verbose parsed url   href: '1.3.12' }
18 verbose addNamed [ 'bower', '1.3.12' ]
19 verbose addNamed [ '1.3.12', '1.3.12' ]
20 silly lockFile 9819431c-bower-1-3-12 bower@1.3.12
21 verbose lock bower@1.3.12 /home/nss/.npm/9819431c-bower-1-3-12.lock
22 verbose registry.get bower not expired, no request
23 silly lockFile b05fd70b-npmjs-org-bower-bower-1-3-12-tgz https://registry.npmjs.org/bower/-/bower-1.3.12.tgz
24 verbose lock https://registry.npmjs.org/bower/-/bower-1.3.12.tgz /home/nss/.npm/b05fd70b-npmjs-org-bower-bower-1-3-12-tgz.lock
25 verbose addRemoteTarball [ 'https://registry.npmjs.org/bower/-/bower-1.3.12.tgz',
25 verbose addRemoteTarball   '37de0edb3904baf90aee13384a1a379a05ee214c' ]
26 info retry fetch attempt 1 at 09:21:24
27 verbose fetch to= /home/nss/tmp/npm-5416-DJx607Kt/registry.npmjs.org/bower/-/bower-1.3.12.tgz
28 http GET https://registry.npmjs.org/bower/-/bower-1.3.12.tgz
29 http 200 https://registry.npmjs.org/bower/-/bower-1.3.12.tgz
30 silly lockFile b05fd70b-npmjs-org-bower-bower-1-3-12-tgz https://registry.npmjs.org/bower/-/bower-1.3.12.tgz
31 silly lockFile b05fd70b-npmjs-org-bower-bower-1-3-12-tgz https://registry.npmjs.org/bower/-/bower-1.3.12.tgz
32 silly lockFile 9819431c-bower-1-3-12 bower@1.3.12
33 silly lockFile 9819431c-bower-1-3-12 bower@1.3.12
34 silly resolved [ { name: 'bower',
34 silly resolved     version: '1.3.12',
34 silly resolved     description: 'The browser package manager',
34 silly resolved     author: { name: 'Twitter' },
34 silly resolved     licenses: [ [Object] ],
34 silly resolved     repository: { type: 'git', url: 'https://github.com/bower/bower' },
34 silly resolved     main: 'lib',
34 silly resolved     homepage: 'http://bower.io',
34 silly resolved     engines: { node: '>=0.10.0' },
34 silly resolved     dependencies:
34 silly resolved      { abbrev: '~1.0.4',
34 silly resolved        archy: '0.0.2',
34 silly resolved        'bower-config': '~0.5.2',
34 silly resolved        'bower-endpoint-parser': '~0.2.2',
34 silly resolved        'bower-json': '~0.4.0',
34 silly resolved        'bower-logger': '~0.2.2',
34 silly resolved        'bower-registry-client': '~0.2.0',
34 silly resolved        cardinal: '0.4.0',
34 silly resolved        chalk: '0.5.0',
34 silly resolved        chmodr: '0.1.0',
34 silly resolved        'decompress-zip': '0.0.8',
34 silly resolved        fstream: '~1.0.2',
34 silly resolved        'fstream-ignore': '~1.0.1',
34 silly resolved        glob: '~4.0.2',
34 silly resolved        'graceful-fs': '~3.0.1',
34 silly resolved        handlebars: '~2.0.0',
34 silly resolved        inquirer: '0.7.1',
34 silly resolved        insight: '0.4.3',
34 silly resolved        'is-root': '~1.0.0',
34 silly resolved        junk: '~1.0.0',
34 silly resolved        lockfile: '~1.0.0',
34 silly resolved        'lru-cache': '~2.5.0',
34 silly resolved        mkdirp: '0.5.0',
34 silly resolved        mout: '~0.9.0',
34 silly resolved        nopt: '~3.0.0',
34 silly resolved        opn: '~1.0.0',
34 silly resolved        osenv: '0.1.0',
34 silly resolved        'p-throttler': '0.1.0',
34 silly resolved        promptly: '0.2.0',
34 silly resolved        q: '~1.0.1',
34 silly resolved        request: '~2.42.0',
34 silly resolved        'request-progress': '0.3.0',
34 silly resolved        retry: '0.6.0',
34 silly resolved        rimraf: '~2.2.0',
34 silly resolved        semver: '~2.3.0',
34 silly resolved        'shell-quote': '~1.4.1',
34 silly resolved        'stringify-object': '~1.0.0',
34 silly resolved        'tar-fs': '0.5.2',
34 silly resolved        tmp: '0.0.23',
34 silly resolved        'update-notifier': '0.2.0',
34 silly resolved        which: '~1.0.5' },
34 silly resolved     devDependencies:
34 silly resolved      { coveralls: '~2.11.0',
34 silly resolved        'expect.js': '~0.3.1',
34 silly resolved        grunt: '~0.4.4',
34 silly resolved        'grunt-cli': '^0.1.13',
34 silly resolved        'grunt-contrib-jshint': '~0.10.0',
34 silly resolved        'grunt-contrib-watch': '~0.6.1',
34 silly resolved        'grunt-exec': '~0.4.2',
34 silly resolved        'grunt-simple-mocha': '~0.4.0',
34 silly resolved        istanbul: '~0.3.2',
34 silly resolved        'load-grunt-tasks': '~0.6.0',
34 silly resolved        mocha: '~1.21.4',
34 silly resolved        nock: '~0.46.0',
34 silly resolved        'node-uuid': '~1.4.1',
34 silly resolved        proxyquire: '~1.0.1' },
34 silly resolved     scripts: { test: 'grunt test' },
34 silly resolved     bin: { bower: 'bin/bower' },
34 silly resolved     preferGlobal: true,
34 silly resolved     gitHead: 'b26c072f0db054a1902ec4d2e3726dbf8a1c799a',
34 silly resolved     bugs: { url: 'https://github.com/bower/bower/issues' },
34 silly resolved     _id: 'bower@1.3.12',
34 silly resolved     _shasum: '37de0edb3904baf90aee13384a1a379a05ee214c',
34 silly resolved     _from: 'bower@1.3.12',
34 silly resolved     _npmVersion: '2.0.0',
34 silly resolved     _npmUser: { name: 'sheerun', email: 'sheerun@sher.pl' },
34 silly resolved     maintainers: [ [Object], [Object], [Object], [Object], [Object], [Object] ],
34 silly resolved     dist:
34 silly resolved      { shasum: '37de0edb3904baf90aee13384a1a379a05ee214c',
34 silly resolved        tarball: 'http://registry.npmjs.org/bower/-/bower-1.3.12.tgz' },
34 silly resolved     directories: {},
34 silly resolved     _resolved: 'https://registry.npmjs.org/bower/-/bower-1.3.12.tgz' } ]
35 info install bower@1.3.12 into /usr/local/node/lib
36 info installOne bower@1.3.12
37 info /usr/local/node/lib/node_modules/bower unbuild
38 info preuninstall bower@1.3.9
39 info uninstall bower@1.3.9
40 verbose true,/usr/local/node/lib/node_modules,/usr/local/node/lib/node_modules unbuild bower@1.3.9
41 verbose /usr/local/node/bin,[object Object] binRoot
42 info /usr/local/node/lib/node_modules/bower unbuild
43 info preuninstall bower@1.3.9
44 info uninstall bower@1.3.9
45 verbose true,/usr/local/node/lib/node_modules,/usr/local/node/lib/node_modules unbuild bower@1.3.9
46 verbose /usr/local/node/bin,[object Object] binRoot
47 error error rolling back Error: EACCES, unlink '/usr/local/node/bin/bower'
47 error error rolling back  bower@1.3.12 { [Error: EACCES, unlink '/usr/local/node/bin/bower'] errno: 3, code: 'EACCES', path: '/usr/local/node/bin/bower' }
48 error Error: EACCES, unlink '/usr/local/node/bin/bower'
48 error  { [Error: EACCES, unlink '/usr/local/node/bin/bower'] errno: 3, code: 'EACCES', path: '/usr/local/node/bin/bower' }
49 error Please try running this command again as root/Administrator.
50 error System Linux 3.13.0-24-generic
51 error command "/usr/local/node/bin/node" "/usr/local/node/bin/npm" "update" "-g" "bower"
52 error cwd /home/nss/apps/code/enlighTN
53 error node -v v0.10.29
54 error npm -v 1.4.14
55 error path /usr/local/node/bin/bower
56 error code EACCES
57 error errno 3
58 error stack Error: EACCES, unlink '/usr/local/node/bin/bower'
59 verbose exit [ 3, true ]
